d:\my projects\hull uni projects\simulation and ai\ai_coursework\acw\debug\vc142.pdb
d:\my projects\hull uni projects\simulation and ai\ai_coursework\acw\debug\vc142.idb
d:\my projects\hull uni projects\simulation and ai\ai_coursework\acw\debug\world.obj
d:\my projects\hull uni projects\simulation and ai\ai_coursework\acw\debug\ball.obj
d:\my projects\hull uni projects\simulation and ai\ai_coursework\acw\debug\app.obj
d:\my projects\hull uni projects\simulation and ai\ai_coursework\acw\debug\tower.obj
d:\my projects\hull uni projects\simulation and ai\ai_coursework\acw\debug\renderhelpers.obj
d:\my projects\hull uni projects\simulation and ai\ai_coursework\acw\debug\guihelpers.obj
d:\my projects\hull uni projects\simulation and ai\ai_coursework\acw\debug\agent.obj
d:\my projects\hull uni projects\simulation and ai\ai_coursework\acw\debug\timer.obj
d:\my projects\hull uni projects\simulation and ai\ai_coursework\acw\debug\floor.obj
d:\my projects\hull uni projects\simulation and ai\ai_coursework\acw\debug\camera.obj
d:\my projects\hull uni projects\simulation and ai\ai_coursework\acw\debug\vc143.pdb
d:\my projects\hull uni projects\simulation and ai\ai_coursework\acw\debug\vc143.idb
d:\my projects\hull uni projects\simulation and ai\ai_coursework\acw\debug\pipe.obj
d:\my projects\hull uni projects\simulation and ai\ai_coursework\acw\debug\imgui_widgets.obj
d:\my projects\hull uni projects\simulation and ai\ai_coursework\acw\debug\imgui_tables.obj
d:\my projects\hull uni projects\simulation and ai\ai_coursework\acw\debug\imgui_impl_opengl3.obj
d:\my projects\hull uni projects\simulation and ai\ai_coursework\acw\debug\imgui_impl_glfw.obj
d:\my projects\hull uni projects\simulation and ai\ai_coursework\acw\debug\imgui_draw.obj
d:\my projects\hull uni projects\simulation and ai\ai_coursework\acw\debug\imgui_demo.obj
d:\my projects\hull uni projects\simulation and ai\ai_coursework\acw\debug\imgui.obj
d:\my projects\hull uni projects\simulation and ai\ai_coursework\acw\debug\gameentity.obj
d:\my projects\hull uni projects\simulation and ai\ai_coursework\debug\acw.exe
d:\my projects\hull uni projects\simulation and ai\ai_coursework\acw\debug\acw.ilk
d:\my projects\hull uni projects\simulation and ai\ai_coursework\debug\acw.pdb
d:\my projects\hull uni projects\simulation and ai\ai_coursework\acw\debug\projectilespawner.obj
d:\my projects\hull uni projects\simulation and ai\ai_coursework\acw\debug\world.new.obj.enc
d:\my projects\hull uni projects\simulation and ai\ai_coursework\acw\debug\acw.tlog\cl.command.1.tlog
d:\my projects\hull uni projects\simulation and ai\ai_coursework\acw\debug\acw.tlog\cl.read.1.tlog
d:\my projects\hull uni projects\simulation and ai\ai_coursework\acw\debug\acw.tlog\cl.write.1.tlog
d:\my projects\hull uni projects\simulation and ai\ai_coursework\acw\debug\acw.tlog\link.command.1.tlog
d:\my projects\hull uni projects\simulation and ai\ai_coursework\acw\debug\acw.tlog\link.read.1.tlog
d:\my projects\hull uni projects\simulation and ai\ai_coursework\acw\debug\acw.tlog\link.write.1.tlog
